<?xml version="1.0" encoding="UTF-8"?>
<coverage generated="1716141503448" clover="3.2.0">
  <project timestamp="1716141503448" name="All files">
    <metrics statements="40" coveredstatements="40" conditionals="36" coveredconditionals="36" methods="4" coveredmethods="4" elements="80" coveredelements="80" complexity="0" loc="40" ncloc="40" packages="1" files="1" classes="1"/>
    <file name="rentalPrice.js" path="C:\Users\Diana\Desktop\Rental-Car\rentalPrice.js">
      <metrics statements="40" coveredstatements="40" conditionals="36" coveredconditionals="36" methods="4" coveredmethods="4"/>
      <line num="3" count="15" type="stmt"/>
      <line num="4" count="15" type="stmt"/>
      <line num="5" count="15" type="cond" truecount="2" falsecount="0"/>
      <line num="6" count="1" type="stmt"/>
      <line num="9" count="14" type="cond" truecount="4" falsecount="0"/>
      <line num="10" count="1" type="stmt"/>
      <line num="13" count="13" type="cond" truecount="2" falsecount="0"/>
      <line num="14" count="1" type="stmt"/>
      <line num="19" count="12" type="stmt"/>
      <line num="22" count="12" type="cond" truecount="2" falsecount="0"/>
      <line num="23" count="1" type="stmt"/>
      <line num="27" count="12" type="cond" truecount="4" falsecount="0"/>
      <line num="28" count="3" type="cond" truecount="2" falsecount="0"/>
      <line num="29" count="2" type="stmt"/>
      <line num="31" count="1" type="stmt"/>
      <line num="34" count="12" type="cond" truecount="4" falsecount="0"/>
      <line num="35" count="3" type="stmt"/>
      <line num="36" count="9" type="cond" truecount="4" falsecount="0"/>
      <line num="37" count="3" type="stmt"/>
      <line num="41" count="12" type="cond" truecount="4" falsecount="0"/>
      <line num="42" count="1" type="stmt"/>
      <line num="46" count="12" type="stmt"/>
      <line num="51" count="16" type="stmt"/>
      <line num="52" count="16" type="stmt"/>
      <line num="53" count="16" type="stmt"/>
      <line num="55" count="16" type="stmt"/>
      <line num="59" count="17" type="stmt"/>
      <line num="60" count="17" type="stmt"/>
      <line num="62" count="17" type="stmt"/>
      <line num="63" count="17" type="stmt"/>
      <line num="65" count="17" type="stmt"/>
      <line num="66" count="17" type="stmt"/>
      <line num="68" count="17" type="cond" truecount="2" falsecount="0"/>
      <line num="73" count="7" type="stmt"/>
      <line num="75" count="10" type="stmt"/>
      <line num="80" count="2" type="stmt"/>
      <line num="83" count="1" type="stmt"/>
      <line num="84" count="1" type="stmt"/>
      <line num="85" count="1" type="stmt"/>
      <line num="86" count="1" type="stmt"/>
    </file>
  </project>
</coverage>
