{"C:\\Users\\diana.pronina\\Desktop\\Rental-Car\\rentalPrice.js": {"path":"C:\\Users\\diana.pronina\\Desktop\\Rental-Car\\rentalPrice.js","statementMap":{"0":{"start":{"line":3,"column":28},"end":{"line":3,"column":73}},"1":{"start":{"line":4,"column":17},"end":{"line":4,"column":51}},"2":{"start":{"line":6,"column":2},"end":{"line":8,"column":3}},"3":{"start":{"line":7,"column":6},"end":{"line":7,"column":57}},"4":{"start":{"line":10,"column":2},"end":{"line":12,"column":3}},"5":{"start":{"line":11,"column":6},"end":{"line":11,"column":69}},"6":{"start":{"line":14,"column":20},"end":{"line":14,"column":47}},"7":{"start":{"line":16,"column":2},"end":{"line":20,"column":3}},"8":{"start":{"line":17,"column":6},"end":{"line":17,"column":25}},"9":{"start":{"line":18,"column":9},"end":{"line":20,"column":3}},"10":{"start":{"line":19,"column":4},"end":{"line":19,"column":24}},"11":{"start":{"line":22,"column":2},"end":{"line":24,"column":3}},"12":{"start":{"line":23,"column":4},"end":{"line":23,"column":23}},"13":{"start":{"line":25,"column":2},"end":{"line":25,"column":27}},"14":{"start":{"line":30,"column":17},"end":{"line":30,"column":36}},"15":{"start":{"line":31,"column":20},"end":{"line":31,"column":40}},"16":{"start":{"line":32,"column":21},"end":{"line":32,"column":42}},"17":{"start":{"line":34,"column":2},"end":{"line":34,"column":69}},"18":{"start":{"line":38,"column":17},"end":{"line":38,"column":37}},"19":{"start":{"line":39,"column":18},"end":{"line":39,"column":39}},"20":{"start":{"line":41,"column":16},"end":{"line":41,"column":17}},"21":{"start":{"line":42,"column":14},"end":{"line":42,"column":16}},"22":{"start":{"line":44,"column":22},"end":{"line":44,"column":39}},"23":{"start":{"line":45,"column":23},"end":{"line":45,"column":41}},"24":{"start":{"line":47,"column":2},"end":{"line":55,"column":3}},"25":{"start":{"line":52,"column":6},"end":{"line":52,"column":20}},"26":{"start":{"line":54,"column":6},"end":{"line":54,"column":19}},"27":{"start":{"line":59,"column":2},"end":{"line":59,"column":25}},"28":{"start":{"line":62,"column":0},"end":{"line":62,"column":40}},"29":{"start":{"line":63,"column":0},"end":{"line":63,"column":36}},"30":{"start":{"line":64,"column":0},"end":{"line":64,"column":30}},"31":{"start":{"line":65,"column":0},"end":{"line":65,"column":52}}},"fnMap":{"0":{"name":"calculatePrice","decl":{"start":{"line":2,"column":9},"end":{"line":2,"column":23}},"loc":{"start":{"line":2,"column":67},"end":{"line":26,"column":1}},"line":2},"1":{"name":"getPickupDropoffDate","decl":{"start":{"line":29,"column":9},"end":{"line":29,"column":29}},"loc":{"start":{"line":29,"column":55},"end":{"line":35,"column":1}},"line":29},"2":{"name":"getSeason","decl":{"start":{"line":37,"column":9},"end":{"line":37,"column":18}},"loc":{"start":{"line":37,"column":44},"end":{"line":56,"column":1}},"line":37},"3":{"name":"isLongRental","decl":{"start":{"line":58,"column":9},"end":{"line":58,"column":21}},"loc":{"start":{"line":58,"column":34},"end":{"line":60,"column":1}},"line":58}},"branchMap":{"0":{"loc":{"start":{"line":6,"column":2},"end":{"line":8,"column":3}},"type":"if","locations":[{"start":{"line":6,"column":2},"end":{"line":8,"column":3}},{"start":{},"end":{}}],"line":6},"1":{"loc":{"start":{"line":10,"column":2},"end":{"line":12,"column":3}},"type":"if","locations":[{"start":{"line":10,"column":2},"end":{"line":12,"column":3}},{"start":{},"end":{}}],"line":10},"2":{"loc":{"start":{"line":10,"column":6},"end":{"line":10,"column":44}},"type":"binary-expr","locations":[{"start":{"line":10,"column":6},"end":{"line":10,"column":19}},{"start":{"line":10,"column":23},"end":{"line":10,"column":44}}],"line":10},"3":{"loc":{"start":{"line":16,"column":2},"end":{"line":20,"column":3}},"type":"if","locations":[{"start":{"line":16,"column":2},"end":{"line":20,"column":3}},{"start":{"line":18,"column":9},"end":{"line":20,"column":3}}],"line":16},"4":{"loc":{"start":{"line":16,"column":6},"end":{"line":16,"column":63}},"type":"binary-expr","locations":[{"start":{"line":16,"column":6},"end":{"line":16,"column":25}},{"start":{"line":16,"column":29},"end":{"line":16,"column":42}},{"start":{"line":16,"column":46},"end":{"line":16,"column":63}}],"line":16},"5":{"loc":{"start":{"line":18,"column":9},"end":{"line":20,"column":3}},"type":"if","locations":[{"start":{"line":18,"column":9},"end":{"line":20,"column":3}},{"start":{},"end":{}}],"line":18},"6":{"loc":{"start":{"line":22,"column":2},"end":{"line":24,"column":3}},"type":"if","locations":[{"start":{"line":22,"column":2},"end":{"line":24,"column":3}},{"start":{},"end":{}}],"line":22},"7":{"loc":{"start":{"line":22,"column":6},"end":{"line":22,"column":48}},"type":"binary-expr","locations":[{"start":{"line":22,"column":6},"end":{"line":22,"column":28}},{"start":{"line":22,"column":32},"end":{"line":22,"column":48}}],"line":22},"8":{"loc":{"start":{"line":47,"column":2},"end":{"line":55,"column":3}},"type":"if","locations":[{"start":{"line":47,"column":2},"end":{"line":55,"column":3}},{"start":{"line":53,"column":9},"end":{"line":55,"column":3}}],"line":47},"9":{"loc":{"start":{"line":48,"column":6},"end":{"line":50,"column":49}},"type":"binary-expr","locations":[{"start":{"line":48,"column":7},"end":{"line":48,"column":27}},{"start":{"line":48,"column":31},"end":{"line":48,"column":49}},{"start":{"line":49,"column":7},"end":{"line":49,"column":28}},{"start":{"line":49,"column":32},"end":{"line":49,"column":51}},{"start":{"line":50,"column":7},"end":{"line":50,"column":26}},{"start":{"line":50,"column":30},"end":{"line":50,"column":48}}],"line":48}},"s":{"0":5,"1":5,"2":5,"3":1,"4":4,"5":1,"6":3,"7":3,"8":2,"9":1,"10":0,"11":3,"12":1,"13":3,"14":6,"15":6,"16":6,"17":6,"18":7,"19":7,"20":7,"21":7,"22":7,"23":7,"24":7,"25":3,"26":4,"27":2,"28":1,"29":1,"30":1,"31":1},"f":{"0":5,"1":6,"2":7,"3":2},"b":{"0":[1,4],"1":[1,3],"2":[4,2],"3":[2,1],"4":[3,2,2],"5":[0,1],"6":[1,2],"7":[3,3],"8":[3,4],"9":[7,2,5,1,4,4]},"_coverageSchema":"1a1c01bbd47fc00a2c39e90264f33305004495a9","hash":"58754200a91268c9cb9ffce32c42ed4d4721c98e"}
}
