{"C:\\Users\\diana.pronina\\Desktop\\Rental-Car\\rentalPrice.js": {"path":"C:\\Users\\diana.pronina\\Desktop\\Rental-Car\\rentalPrice.js","statementMap":{"0":{"start":{"line":3,"column":28},"end":{"line":3,"column":73}},"1":{"start":{"line":4,"column":17},"end":{"line":4,"column":51}},"2":{"start":{"line":7,"column":2},"end":{"line":9,"column":3}},"3":{"start":{"line":8,"column":6},"end":{"line":8,"column":57}},"4":{"start":{"line":11,"column":2},"end":{"line":13,"column":3}},"5":{"start":{"line":12,"column":6},"end":{"line":12,"column":65}},"6":{"start":{"line":15,"column":20},"end":{"line":15,"column":47}},"7":{"start":{"line":17,"column":2},"end":{"line":21,"column":3}},"8":{"start":{"line":18,"column":6},"end":{"line":18,"column":25}},"9":{"start":{"line":19,"column":9},"end":{"line":21,"column":3}},"10":{"start":{"line":20,"column":4},"end":{"line":20,"column":24}},"11":{"start":{"line":23,"column":2},"end":{"line":25,"column":3}},"12":{"start":{"line":24,"column":4},"end":{"line":24,"column":23}},"13":{"start":{"line":26,"column":2},"end":{"line":26,"column":27}},"14":{"start":{"line":31,"column":17},"end":{"line":31,"column":36}},"15":{"start":{"line":32,"column":20},"end":{"line":32,"column":40}},"16":{"start":{"line":33,"column":21},"end":{"line":33,"column":42}},"17":{"start":{"line":35,"column":2},"end":{"line":35,"column":69}},"18":{"start":{"line":39,"column":17},"end":{"line":39,"column":37}},"19":{"start":{"line":40,"column":18},"end":{"line":40,"column":39}},"20":{"start":{"line":42,"column":16},"end":{"line":42,"column":17}},"21":{"start":{"line":43,"column":14},"end":{"line":43,"column":16}},"22":{"start":{"line":45,"column":22},"end":{"line":45,"column":39}},"23":{"start":{"line":46,"column":23},"end":{"line":46,"column":41}},"24":{"start":{"line":48,"column":2},"end":{"line":56,"column":3}},"25":{"start":{"line":53,"column":6},"end":{"line":53,"column":20}},"26":{"start":{"line":55,"column":6},"end":{"line":55,"column":19}},"27":{"start":{"line":60,"column":2},"end":{"line":60,"column":25}},"28":{"start":{"line":63,"column":0},"end":{"line":63,"column":40}},"29":{"start":{"line":64,"column":0},"end":{"line":64,"column":36}},"30":{"start":{"line":65,"column":0},"end":{"line":65,"column":30}},"31":{"start":{"line":66,"column":0},"end":{"line":66,"column":52}}},"fnMap":{"0":{"name":"calculatePrice","decl":{"start":{"line":2,"column":9},"end":{"line":2,"column":23}},"loc":{"start":{"line":2,"column":67},"end":{"line":27,"column":1}},"line":2},"1":{"name":"getPickupDropoffDate","decl":{"start":{"line":30,"column":9},"end":{"line":30,"column":29}},"loc":{"start":{"line":30,"column":55},"end":{"line":36,"column":1}},"line":30},"2":{"name":"getSeason","decl":{"start":{"line":38,"column":9},"end":{"line":38,"column":18}},"loc":{"start":{"line":38,"column":44},"end":{"line":57,"column":1}},"line":38},"3":{"name":"isLongRental","decl":{"start":{"line":59,"column":9},"end":{"line":59,"column":21}},"loc":{"start":{"line":59,"column":34},"end":{"line":61,"column":1}},"line":59}},"branchMap":{"0":{"loc":{"start":{"line":7,"column":2},"end":{"line":9,"column":3}},"type":"if","locations":[{"start":{"line":7,"column":2},"end":{"line":9,"column":3}},{"start":{},"end":{}}],"line":7},"1":{"loc":{"start":{"line":11,"column":2},"end":{"line":13,"column":3}},"type":"if","locations":[{"start":{"line":11,"column":2},"end":{"line":13,"column":3}},{"start":{},"end":{}}],"line":11},"2":{"loc":{"start":{"line":11,"column":6},"end":{"line":11,"column":44}},"type":"binary-expr","locations":[{"start":{"line":11,"column":6},"end":{"line":11,"column":19}},{"start":{"line":11,"column":23},"end":{"line":11,"column":44}}],"line":11},"3":{"loc":{"start":{"line":17,"column":2},"end":{"line":21,"column":3}},"type":"if","locations":[{"start":{"line":17,"column":2},"end":{"line":21,"column":3}},{"start":{"line":19,"column":9},"end":{"line":21,"column":3}}],"line":17},"4":{"loc":{"start":{"line":17,"column":6},"end":{"line":17,"column":63}},"type":"binary-expr","locations":[{"start":{"line":17,"column":6},"end":{"line":17,"column":25}},{"start":{"line":17,"column":29},"end":{"line":17,"column":42}},{"start":{"line":17,"column":46},"end":{"line":17,"column":63}}],"line":17},"5":{"loc":{"start":{"line":19,"column":9},"end":{"line":21,"column":3}},"type":"if","locations":[{"start":{"line":19,"column":9},"end":{"line":21,"column":3}},{"start":{},"end":{}}],"line":19},"6":{"loc":{"start":{"line":23,"column":2},"end":{"line":25,"column":3}},"type":"if","locations":[{"start":{"line":23,"column":2},"end":{"line":25,"column":3}},{"start":{},"end":{}}],"line":23},"7":{"loc":{"start":{"line":23,"column":6},"end":{"line":23,"column":48}},"type":"binary-expr","locations":[{"start":{"line":23,"column":6},"end":{"line":23,"column":28}},{"start":{"line":23,"column":32},"end":{"line":23,"column":48}}],"line":23},"8":{"loc":{"start":{"line":48,"column":2},"end":{"line":56,"column":3}},"type":"if","locations":[{"start":{"line":48,"column":2},"end":{"line":56,"column":3}},{"start":{"line":54,"column":9},"end":{"line":56,"column":3}}],"line":48},"9":{"loc":{"start":{"line":49,"column":6},"end":{"line":51,"column":49}},"type":"binary-expr","locations":[{"start":{"line":49,"column":7},"end":{"line":49,"column":27}},{"start":{"line":49,"column":31},"end":{"line":49,"column":49}},{"start":{"line":50,"column":7},"end":{"line":50,"column":28}},{"start":{"line":50,"column":32},"end":{"line":50,"column":51}},{"start":{"line":51,"column":7},"end":{"line":51,"column":26}},{"start":{"line":51,"column":30},"end":{"line":51,"column":48}}],"line":49}},"s":{"0":10,"1":10,"2":10,"3":1,"4":9,"5":1,"6":8,"7":8,"8":3,"9":5,"10":4,"11":8,"12":1,"13":8,"14":11,"15":11,"16":11,"17":11,"18":12,"19":12,"20":12,"21":12,"22":12,"23":12,"24":12,"25":8,"26":4,"27":2,"28":1,"29":1,"30":1,"31":1},"f":{"0":10,"1":11,"2":12,"3":2},"b":{"0":[1,9],"1":[1,8],"2":[9,2],"3":[3,5],"4":[8,6,3],"5":[4,1],"6":[1,7],"7":[8,7],"8":[8,4],"9":[12,7,5,1,4,4]},"_coverageSchema":"1a1c01bbd47fc00a2c39e90264f33305004495a9","hash":"6baeef4ac04f7a56e950c2d0dc718dfe911bca73"}
}
