TN:
SF:rentalPrice.js
FN:2,calculatePrice
FN:29,getPickupDropoffDate
FN:37,getSeason
FN:58,isLongRental
FNF:4
FNH:4
FNDA:5,calculatePrice
FNDA:6,getPickupDropoffDate
FNDA:7,getSeason
FNDA:2,isLongRental
DA:3,5
DA:4,5
DA:6,5
DA:7,1
DA:10,4
DA:11,1
DA:14,3
DA:16,3
DA:17,2
DA:18,1
DA:19,0
DA:22,3
DA:23,1
DA:25,3
DA:30,6
DA:31,6
DA:32,6
DA:34,6
DA:38,7
DA:39,7
DA:41,7
DA:42,7
DA:44,7
DA:45,7
DA:47,7
DA:52,3
DA:54,4
DA:59,2
DA:62,1
DA:63,1
DA:64,1
DA:65,1
LF:32
LH:31
BRDA:6,0,0,1
BRDA:6,0,1,4
BRDA:10,1,0,1
BRDA:10,1,1,3
BRDA:10,2,0,4
BRDA:10,2,1,2
BRDA:16,3,0,2
BRDA:16,3,1,1
BRDA:16,4,0,3
BRDA:16,4,1,2
BRDA:16,4,2,2
BRDA:18,5,0,0
BRDA:18,5,1,1
BRDA:22,6,0,1
BRDA:22,6,1,2
BRDA:22,7,0,3
BRDA:22,7,1,3
BRDA:47,8,0,3
BRDA:47,8,1,4
BRDA:48,9,0,7
BRDA:48,9,1,2
BRDA:48,9,2,5
BRDA:48,9,3,1
BRDA:48,9,4,4
BRDA:48,9,5,4
BRF:25
BRH:24
end_of_record
