TN:
SF:rentalPrice.js
FN:2,calculatePrice
FN:30,getPickupDropoffDate
FN:38,getSeason
FN:59,isLongRental
FNF:4
FNH:4
FNDA:10,calculatePrice
FNDA:11,getPickupDropoffDate
FNDA:12,getSeason
FNDA:2,isLongRental
DA:3,10
DA:4,10
DA:7,10
DA:8,1
DA:11,9
DA:12,1
DA:15,8
DA:17,8
DA:18,3
DA:19,5
DA:20,4
DA:23,8
DA:24,1
DA:26,8
DA:31,11
DA:32,11
DA:33,11
DA:35,11
DA:39,12
DA:40,12
DA:42,12
DA:43,12
DA:45,12
DA:46,12
DA:48,12
DA:53,8
DA:55,4
DA:60,2
DA:63,1
DA:64,1
DA:65,1
DA:66,1
LF:32
LH:32
BRDA:7,0,0,1
BRDA:7,0,1,9
BRDA:11,1,0,1
BRDA:11,1,1,8
BRDA:11,2,0,9
BRDA:11,2,1,2
BRDA:17,3,0,3
BRDA:17,3,1,5
BRDA:17,4,0,8
BRDA:17,4,1,6
BRDA:17,4,2,3
BRDA:19,5,0,4
BRDA:19,5,1,1
BRDA:23,6,0,1
BRDA:23,6,1,7
BRDA:23,7,0,8
BRDA:23,7,1,7
BRDA:48,8,0,8
BRDA:48,8,1,4
BRDA:49,9,0,12
BRDA:49,9,1,7
BRDA:49,9,2,5
BRDA:49,9,3,1
BRDA:49,9,4,4
BRDA:49,9,5,4
BRF:25
BRH:25
end_of_record
